<?xml version="1.0" encoding="UTF-8"?>
<!-- Generated by org.testng.reporters.JUnitXMLReporter -->
<testsuite ignored="2" hostname="shraddhas-Air" failures="0" tests="2" name="GRP-bvt" time="0.055" errors="0" timestamp="2023-12-03T18:59:42 CET">
  <testcase classname="ui.GroupDemoTest" name="aTest3" time="0.007"/>
  <testcase classname="ui.GroupDemoTest" name="aTest4" time="0.001"/>
  <testcase classname="ui.GroupDemoTest" name="aTest2" time="0.0">
    <ignored/>
  </testcase> <!-- aTest2 -->
  <testcase classname="ui.GroupDemoTest" name="aTest1" time="0.0">
    <ignored/>
  </testcase> <!-- aTest1 -->
</testsuite> <!-- GRP-bvt -->
