<?xml version="1.0" encoding="UTF-8"?>
<!-- Generated by org.testng.reporters.JUnitXMLReporter -->
<testsuite ignored="0" hostname="shraddhas-Air" failures="0" tests="4" name="GRP-user-registration" time="0.064" errors="0" timestamp="2023-12-03T19:01:52 CET">
  <testcase classname="ui.GroupDemoTest" name="aTest1" time="0.009"/>
  <testcase classname="ui.GroupDemoTest" name="aTest2" time="0.001"/>
  <testcase classname="ui.GroupDemoTest" name="aTest3" time="0.002"/>
  <testcase classname="ui.GroupDemoTest" name="aTest4" time="0.001"/>
</testsuite> <!-- GRP-user-registration -->
