<?xml version="1.0" encoding="UTF-8"?>
<!-- Generated by org.testng.reporters.JUnitXMLReporter -->
<testsuite ignored="2" hostname="shraddhas-Air" failures="0" tests="4" name="GRP-regression" time="0.114" errors="0" timestamp="2023-12-04T10:25:07 CET">
  <testcase classname="ui.GroupDemoTest" name="aTest1" time="0.009"/>
  <testcase classname="ui.GroupDemoTest" name="aTest2" time="0.001"/>
  <testcase classname="ui.GroupDemoTest" name="aTest3" time="0.005"/>
  <testcase classname="ui.LoginTest" name="aTest1" time="0.001"/>
  <testcase classname="ui.LoginTest" name="aTest2" time="0.0">
    <ignored/>
  </testcase> <!-- aTest2 -->
  <testcase classname="ui.GroupDemoTest" name="aTest4" time="0.0">
    <ignored/>
  </testcase> <!-- aTest4 -->
</testsuite> <!-- GRP-regression -->
