<?xml version="1.0" encoding="UTF-8"?>
<!-- Generated by org.testng.reporters.JUnitXMLReporter -->
<testsuite ignored="2" hostname="shraddhas-Air" failures="0" tests="4" name="Regression Testing" time="0.077" errors="0" timestamp="2023-12-03T19:17:45 CET">
  <testcase classname="ui.LoginTest" name="aTest1" time="0.01"/>
  <testcase classname="ui.GroupDemoTest" name="aTest1" time="0.001"/>
  <testcase classname="ui.GroupDemoTest" name="aTest2" time="0.001"/>
  <testcase classname="ui.GroupDemoTest" name="aTest3" time="0.003"/>
  <testcase classname="ui.LoginTest" name="aTest2" time="0.0">
    <ignored/>
  </testcase> <!-- aTest2 -->
  <testcase classname="ui.GroupDemoTest" name="aTest4" time="0.0">
    <ignored/>
  </testcase> <!-- aTest4 -->
</testsuite> <!-- Regression Testing -->
