<?xml version="1.0" encoding="UTF-8"?>
<!-- Generated by org.testng.reporters.JUnitXMLReporter -->
<testsuite ignored="0" hostname="shraddhas-Air" failures="1" tests="5" name="Listener Testing" time="17.421" errors="0" timestamp="2023-12-04T21:44:07 CET">
  <testcase classname="ui.RetryDemoTest" name="launchApp" time="5.652">
    <skipped/>
  </testcase> <!-- launchApp -->
  <testcase classname="ui.RetryDemoTest" name="launchApp" time="6.861">
    <skipped/>
  </testcase> <!-- launchApp -->
  <testcase classname="ui.RetryDemoTest" name="launchApp" time="1.274">
    <skipped/>
  </testcase> <!-- launchApp -->
  <testcase classname="ui.RetryDemoTest" name="launchApp" time="1.781">
    <skipped/>
  </testcase> <!-- launchApp -->
  <testcase classname="ui.RetryDemoTest" name="launchApp" time="1.799">
    <failure type="java.lang.AssertionError" message="expected [true] but found [false]">
      <![CDATA[java.lang.AssertionError: expected [true] but found [false]
at ui.RetryDemoTest.launchApp(RetryDemoTest.java:16)
at java.base/java.util.ArrayList.forEach(ArrayList.java:1511)
... Removed 31 stack frames]]>
    </failure>
  </testcase> <!-- launchApp -->
</testsuite> <!-- Listener Testing -->
