<?xml version="1.0" encoding="UTF-8"?>
<!-- Generated by org.testng.reporters.JUnitXMLReporter -->
<testsuite ignored="4" hostname="shraddhas-Air" failures="0" tests="10" name="Functional Testing" time="0.111" errors="0" timestamp="2023-12-04T10:40:25 CET">
  <testcase classname="ui.LoginTest" name="aTest1" time="0.006"/>
  <testcase classname="ui.LoginTest" name="aTest2" time="0.001"/>
  <testcase classname="ui.GroupDemoTest" name="aTest1" time="0.004"/>
  <testcase classname="ui.GroupDemoTest" name="aTest2" time="0.002"/>
  <testcase classname="ui.GroupDemoTest" name="aTest3" time="0.002"/>
  <testcase classname="ui.GroupDemoTest" name="aTest4" time="0.001"/>
  <testcase classname="ui.GroupDemoTest2" name="aTest1" time="0.006"/>
  <testcase classname="ui.GroupDemoTest2" name="aTest2" time="0.005"/>
  <testcase classname="ui.GroupDemoTest2" name="aTest3" time="0.001"/>
  <testcase classname="ui.GroupDemoTest2" name="aTest4" time="0.002"/>
  <testcase classname="common.CommonDataSetup" name="@AfterSuite dataTeardown" time="0.0">
    <ignored/>
  </testcase> <!-- @AfterSuite dataTeardown -->
  <testcase classname="common.CommonDataSetup" name="@AfterSuite dataTeardown" time="0.0">
    <ignored/>
  </testcase> <!-- @AfterSuite dataTeardown -->
  <testcase classname="common.CommonDataSetup" name="@BeforeSuite dataSetup" time="0.0">
    <ignored/>
  </testcase> <!-- @BeforeSuite dataSetup -->
  <testcase classname="common.CommonDataSetup" name="@BeforeSuite dataSetup" time="0.0">
    <ignored/>
  </testcase> <!-- @BeforeSuite dataSetup -->
</testsuite> <!-- Functional Testing -->
