<?xml version="1.0" encoding="UTF-8"?>
<!-- Generated by org.testng.reporters.JUnitXMLReporter -->
<testsuite ignored="0" hostname="shraddhas-Air" failures="1" tests="4" name="Reports Testing" time="22.324" errors="0" timestamp="2023-12-05T11:06:29 CET">
  <testcase classname="ui.ReportsTest" name="reportTest1" time="0.008"/>
  <testcase classname="ui.ReportsTest" name="reportTest2" time="18.93">
    <failure type="java.lang.AssertionError" message="expected [true] but found [false]">
      <![CDATA[java.lang.AssertionError: expected [true] but found [false]
at ui.ReportsTest.reportTest2(ReportsTest.java:25)
at java.base/java.util.ArrayList.forEach(ArrayList.java:1511)
... Removed 31 stack frames]]>
    </failure>
  </testcase> <!-- reportTest2 -->
  <testcase classname="ui.ReportsTest" name="reportTest3" time="0.002"/>
  <testcase classname="ui.ReportsTest" name="reportTest4" time="0.004"/>
</testsuite> <!-- Reports Testing -->
