<?xml version="1.0" encoding="UTF-8"?>
<!-- Generated by org.testng.reporters.JUnitXMLReporter -->
<testsuite ignored="0" hostname="shraddhas-Air" failures="0" tests="4" name="Test Before Suite and After Suite" time="0.054" errors="0" timestamp="2023-12-04T15:20:29 CET">
  <testcase classname="ui.GroupDemoTest2" name="aTest1" time="0.013"/>
  <testcase classname="ui.GroupDemoTest2" name="aTest2" time="0.001"/>
  <testcase classname="ui.GroupDemoTest2" name="aTest3" time="0.002"/>
  <testcase classname="ui.GroupDemoTest2" name="aTest4" time="0.002"/>
</testsuite> <!-- Test Before Suite and After Suite -->
